# JRE version: OpenJDK Runtime Environment (17.0.6) (build 17.0.6+0-b2043.56-10027231)
# Java VM: OpenJDK 64-Bit Server VM (17.0.6+0-b2043.56-10027231, mixed mode, tiered, compressed oops, compressed class ptrs, g1 gc, windows-amd64)
GC Precious Log:
 CPUs: 4 total, 4 available
 Memory: 7847M
 Large Page Support: Disabled
 NUMA Support: Disabled
 Compressed Oops: Enabled (32-bit)
 Heap Region Size: 1M
 Heap Min Capacity: 256M
 Heap Initial Capacity: 256M
 Heap Max Capacity: 512M
 Pre-touch: Disabled
 Parallel Workers: 4
 Concurrent Workers: 1
 Concurrent Refinement Workers: 4
 Periodic GC: Disabled
Heap:
 garbage-first heap   total 401408K, used 234834K [0x00000000e0000000, 0x0000000100000000)
  region size 1024K, 40 young (40960K), 3 survivors (3072K)
 Metaspace       used 145753K, committed 146816K, reserved 344064K
  class space    used 19242K, committed 19776K, reserved 212992K
GC Heap History (20 events):
Event: 1437.701 GC heap before
{Heap before GC invocations=39 (full 0):
 garbage-first heap   total 291840K, used 249856K [0x00000000e0000000, 0x0000000100000000)
  region size 1024K, 20 young (20480K), 4 survivors (4096K)
 Metaspace       used 135880K, committed 137088K, reserved 335872K
  class space    used 18117K, committed 18688K, reserved 212992K
}
Event: 1437.717 GC heap after
{Heap after GC invocations=40 (full 0):
 garbage-first heap   total 291840K, used 230840K [0x00000000e0000000, 0x0000000100000000)
  region size 1024K, 2 young (2048K), 2 survivors (2048K)
 Metaspace       used 135880K, committed 137088K, reserved 335872K
  class space    used 18117K, committed 18688K, reserved 212992K
}
Event: 1440.502 GC heap before
{Heap before GC invocations=40 (full 0):
 garbage-first heap   total 291840K, used 248248K [0x00000000e0000000, 0x0000000100000000)
  region size 1024K, 20 young (20480K), 2 survivors (2048K)
 Metaspace       used 136015K, committed 137216K, reserved 335872K
  class space    used 18135K, committed 18688K, reserved 212992K
}
Event: 1440.510 GC heap after
{Heap after GC invocations=41 (full 0):
 garbage-first heap   total 291840K, used 232448K [0x00000000e0000000, 0x0000000100000000)
  region size 1024K, 3 young (3072K), 3 survivors (3072K)
 Metaspace       used 136015K, committed 137216K, reserved 335872K
  class space    used 18135K, committed 18688K, reserved 212992K
}
Event: 1440.624 GC heap before
{Heap before GC invocations=41 (full 0):
 garbage-first heap   total 291840K, used 249856K [0x00000000e0000000, 0x0000000100000000)
  region size 1024K, 21 young (21504K), 3 survivors (3072K)
 Metaspace       used 136034K, committed 137216K, reserved 335872K
  class space    used 18135K, committed 18688K, reserved 212992K
}
Event: 1440.635 GC heap after
{Heap after GC invocations=42 (full 0):
 garbage-first heap   total 291840K, used 236082K [0x00000000e0000000, 0x0000000100000000)
  region size 1024K, 3 young (3072K), 3 survivors (3072K)
 Metaspace       used 136034K, committed 137216K, reserved 335872K
  class space    used 18135K, committed 18688K, reserved 212992K
}
Event: 1440.986 GC heap before
{Heap before GC invocations=42 (full 0):
 garbage-first heap   total 291840K, used 250418K [0x00000000e0000000, 0x0000000100000000)
  region size 1024K, 18 young (18432K), 3 survivors (3072K)
 Metaspace       used 136064K, committed 137216K, reserved 335872K
  class space    used 18137K, committed 18688K, reserved 212992K
}
Event: 1440.996 GC heap after
{Heap after GC invocations=43 (full 0):
 garbage-first heap   total 291840K, used 236411K [0x00000000e0000000, 0x0000000100000000)
  region size 1024K, 1 young (1024K), 1 survivors (1024K)
 Metaspace       used 136064K, committed 137216K, reserved 335872K
  class space    used 18137K, committed 18688K, reserved 212992K
}
Event: 1441.575 GC heap before
{Heap before GC invocations=44 (full 0):
 garbage-first heap   total 396288K, used 238459K [0x00000000e0000000, 0x0000000100000000)
  region size 1024K, 16 young (16384K), 1 survivors (1024K)
 Metaspace       used 135206K, committed 137280K, reserved 335872K
  class space    used 17951K, committed 18688K, reserved 212992K
}
Event: 1441.584 GC heap after
{Heap after GC invocations=45 (full 0):
 garbage-first heap   total 396288K, used 223962K [0x00000000e0000000, 0x0000000100000000)
  region size 1024K, 1 young (1024K), 1 survivors (1024K)
 Metaspace       used 135206K, committed 137280K, reserved 335872K
  class space    used 17951K, committed 18688K, reserved 212992K
}
Event: 1442.042 GC heap before
{Heap before GC invocations=45 (full 0):
 garbage-first heap   total 396288K, used 241370K [0x00000000e0000000, 0x0000000100000000)
  region size 1024K, 19 young (19456K), 1 survivors (1024K)
 Metaspace       used 138909K, committed 139840K, reserved 335872K
  class space    used 18501K, committed 19008K, reserved 212992K
}
Event: 1442.063 GC heap after
{Heap after GC invocations=46 (full 0):
 garbage-first heap   total 401408K, used 189821K [0x00000000e0000000, 0x0000000100000000)
  region size 1024K, 2 young (2048K), 2 survivors (2048K)
 Metaspace       used 138909K, committed 139840K, reserved 335872K
  class space    used 18501K, committed 19008K, reserved 212992K
}
Event: 1442.330 GC heap before
{Heap before GC invocations=46 (full 0):
 garbage-first heap   total 401408K, used 208253K [0x00000000e0000000, 0x0000000100000000)
  region size 1024K, 19 young (19456K), 2 survivors (2048K)
 Metaspace       used 141806K, committed 142720K, reserved 344064K
  class space    used 18818K, committed 19264K, reserved 212992K
}
Event: 1442.377 GC heap after
{Heap after GC invocations=47 (full 0):
 garbage-first heap   total 401408K, used 179008K [0x00000000e0000000, 0x0000000100000000)
  region size 1024K, 3 young (3072K), 3 survivors (3072K)
 Metaspace       used 141806K, committed 142720K, reserved 344064K
  class space    used 18818K, committed 19264K, reserved 212992K
}
Event: 1445.679 GC heap before
{Heap before GC invocations=47 (full 0):
 garbage-first heap   total 401408K, used 318272K [0x00000000e0000000, 0x0000000100000000)
  region size 1024K, 137 young (140288K), 3 survivors (3072K)
 Metaspace       used 144912K, committed 145856K, reserved 344064K
  class space    used 19186K, committed 19648K, reserved 212992K
}
Event: 1445.693 GC heap after
{Heap after GC invocations=48 (full 0):
 garbage-first heap   total 401408K, used 184115K [0x00000000e0000000, 0x0000000100000000)
  region size 1024K, 8 young (8192K), 8 survivors (8192K)
 Metaspace       used 144912K, committed 145856K, reserved 344064K
  class space    used 19186K, committed 19648K, reserved 212992K
}
Event: 1996.169 GC heap before
{Heap before GC invocations=48 (full 0):
 garbage-first heap   total 401408K, used 342835K [0x00000000e0000000, 0x0000000100000000)
  region size 1024K, 142 young (145408K), 8 survivors (8192K)
 Metaspace       used 145613K, committed 146624K, reserved 344064K
  class space    used 19230K, committed 19712K, reserved 212992K
}
Event: 1996.253 GC heap after
{Heap after GC invocations=49 (full 0):
 garbage-first heap   total 401408K, used 188438K [0x00000000e0000000, 0x0000000100000000)
  region size 1024K, 15 young (15360K), 15 survivors (15360K)
 Metaspace       used 145613K, committed 146624K, reserved 344064K
  class space    used 19230K, committed 19712K, reserved 212992K
}
Event: 1997.192 GC heap before
{Heap before GC invocations=49 (full 0):
 garbage-first heap   total 401408K, used 242710K [0x00000000e0000000, 0x0000000100000000)
  region size 1024K, 43 young (44032K), 15 survivors (15360K)
 Metaspace       used 145680K, committed 146688K, reserved 344064K
  class space    used 19234K, committed 19712K, reserved 212992K
}
Event: 1997.264 GC heap after
{Heap after GC invocations=50 (full 0):
 garbage-first heap   total 401408K, used 196946K [0x00000000e0000000, 0x0000000100000000)
  region size 1024K, 3 young (3072K), 3 survivors (3072K)
 Metaspace       used 145680K, committed 146688K, reserved 344064K
  class space    used 19234K, committed 19712K, reserved 212992K
}

