# JRE version: OpenJDK Runtime Environment (17.0.6) (build 17.0.6+0-b2043.56-10027231)
# Java VM: OpenJDK 64-Bit Server VM (17.0.6+0-b2043.56-10027231, mixed mode, tiered, compressed oops, compressed class ptrs, g1 gc, windows-amd64)
GC Precious Log:
 CPUs: 4 total, 4 available
 Memory: 7847M
 Large Page Support: Disabled
 NUMA Support: Disabled
 Compressed Oops: Enabled (32-bit)
 Heap Region Size: 1M
 Heap Min Capacity: 256M
 Heap Initial Capacity: 256M
 Heap Max Capacity: 512M
 Pre-touch: Disabled
 Parallel Workers: 4
 Concurrent Workers: 1
 Concurrent Refinement Workers: 4
 Periodic GC: Disabled
Heap:
 garbage-first heap   total 262144K, used 166048K [0x00000000e0000000, 0x0000000100000000)
  region size 1024K, 42 young (43008K), 6 survivors (6144K)
 Metaspace       used 93977K, committed 94784K, reserved 303104K
  class space    used 12626K, committed 12992K, reserved 212992K
GC Heap History (20 events):
Event: 5.990 GC heap before
{Heap before GC invocations=5 (full 0):
 garbage-first heap   total 262144K, used 66500K [0x00000000e0000000, 0x0000000100000000)
  region size 1024K, 56 young (57344K), 8 survivors (8192K)
 Metaspace       used 29165K, committed 29504K, reserved 245760K
  class space    used 3940K, committed 4096K, reserved 212992K
}
Event: 6.003 GC heap after
{Heap after GC invocations=6 (full 0):
 garbage-first heap   total 262144K, used 22023K [0x00000000e0000000, 0x0000000100000000)
  region size 1024K, 4 young (4096K), 4 survivors (4096K)
 Metaspace       used 29165K, committed 29504K, reserved 245760K
  class space    used 3940K, committed 4096K, reserved 212992K
}
Event: 6.724 GC heap before
{Heap before GC invocations=6 (full 0):
 garbage-first heap   total 262144K, used 51719K [0x00000000e0000000, 0x0000000100000000)
  region size 1024K, 12 young (12288K), 4 survivors (4096K)
 Metaspace       used 29634K, committed 30016K, reserved 245760K
  class space    used 4025K, committed 4224K, reserved 212992K
}
Event: 6.740 GC heap after
{Heap after GC invocations=7 (full 0):
 garbage-first heap   total 262144K, used 48287K [0x00000000e0000000, 0x0000000100000000)
  region size 1024K, 2 young (2048K), 2 survivors (2048K)
 Metaspace       used 29634K, committed 30016K, reserved 245760K
  class space    used 4025K, committed 4224K, reserved 212992K
}
Event: 8.731 GC heap before
{Heap before GC invocations=7 (full 0):
 garbage-first heap   total 262144K, used 89247K [0x00000000e0000000, 0x0000000100000000)
  region size 1024K, 44 young (45056K), 2 survivors (2048K)
 Metaspace       used 35614K, committed 35968K, reserved 245760K
  class space    used 4941K, committed 5120K, reserved 212992K
}
Event: 8.738 GC heap after
{Heap after GC invocations=8 (full 0):
 garbage-first heap   total 262144K, used 49749K [0x00000000e0000000, 0x0000000100000000)
  region size 1024K, 4 young (4096K), 4 survivors (4096K)
 Metaspace       used 35614K, committed 35968K, reserved 245760K
  class space    used 4941K, committed 5120K, reserved 212992K
}
Event: 14.638 GC heap before
{Heap before GC invocations=9 (full 0):
 garbage-first heap   total 262144K, used 211541K [0x00000000e0000000, 0x0000000100000000)
  region size 1024K, 153 young (156672K), 4 survivors (4096K)
 Metaspace       used 54073K, committed 54656K, reserved 262144K
  class space    used 7230K, committed 7488K, reserved 212992K
}
Event: 14.667 GC heap after
{Heap after GC invocations=10 (full 0):
 garbage-first heap   total 262144K, used 71286K [0x00000000e0000000, 0x0000000100000000)
  region size 1024K, 19 young (19456K), 19 survivors (19456K)
 Metaspace       used 54073K, committed 54656K, reserved 262144K
  class space    used 7230K, committed 7488K, reserved 212992K
}
Event: 14.713 GC heap before
{Heap before GC invocations=10 (full 0):
 garbage-first heap   total 262144K, used 72310K [0x00000000e0000000, 0x0000000100000000)
  region size 1024K, 20 young (20480K), 19 survivors (19456K)
 Metaspace       used 54176K, committed 54784K, reserved 262144K
  class space    used 7244K, committed 7488K, reserved 212992K
}
Event: 14.738 GC heap after
{Heap after GC invocations=11 (full 0):
 garbage-first heap   total 262144K, used 72311K [0x00000000e0000000, 0x0000000100000000)
  region size 1024K, 2 young (2048K), 2 survivors (2048K)
 Metaspace       used 54176K, committed 54784K, reserved 262144K
  class space    used 7244K, committed 7488K, reserved 212992K
}
Event: 16.664 GC heap before
{Heap before GC invocations=11 (full 0):
 garbage-first heap   total 262144K, used 147063K [0x00000000e0000000, 0x0000000100000000)
  region size 1024K, 73 young (74752K), 2 survivors (2048K)
 Metaspace       used 59725K, committed 60288K, reserved 270336K
  class space    used 7909K, committed 8192K, reserved 212992K
}
Event: 16.674 GC heap after
{Heap after GC invocations=12 (full 0):
 garbage-first heap   total 262144K, used 82452K [0x00000000e0000000, 0x0000000100000000)
  region size 1024K, 9 young (9216K), 9 survivors (9216K)
 Metaspace       used 59725K, committed 60288K, reserved 270336K
  class space    used 7909K, committed 8192K, reserved 212992K
}
Event: 18.875 GC heap before
{Heap before GC invocations=13 (full 0):
 garbage-first heap   total 262144K, used 198164K [0x00000000e0000000, 0x0000000100000000)
  region size 1024K, 116 young (118784K), 9 survivors (9216K)
 Metaspace       used 69553K, committed 70208K, reserved 278528K
  class space    used 9228K, committed 9536K, reserved 212992K
}
Event: 18.894 GC heap after
{Heap after GC invocations=14 (full 0):
 garbage-first heap   total 262144K, used 91129K [0x00000000e0000000, 0x0000000100000000)
  region size 1024K, 9 young (9216K), 9 survivors (9216K)
 Metaspace       used 69553K, committed 70208K, reserved 278528K
  class space    used 9228K, committed 9536K, reserved 212992K
}
Event: 18.923 GC heap before
{Heap before GC invocations=14 (full 0):
 garbage-first heap   total 262144K, used 94201K [0x00000000e0000000, 0x0000000100000000)
  region size 1024K, 12 young (12288K), 9 survivors (9216K)
 Metaspace       used 69553K, committed 70208K, reserved 278528K
  class space    used 9228K, committed 9536K, reserved 212992K
}
Event: 18.938 GC heap after
{Heap after GC invocations=15 (full 0):
 garbage-first heap   total 262144K, used 91605K [0x00000000e0000000, 0x0000000100000000)
  region size 1024K, 1 young (1024K), 1 survivors (1024K)
 Metaspace       used 69553K, committed 70208K, reserved 278528K
  class space    used 9228K, committed 9536K, reserved 212992K
}
Event: 21.956 GC heap before
{Heap before GC invocations=15 (full 0):
 garbage-first heap   total 262144K, used 221653K [0x00000000e0000000, 0x0000000100000000)
  region size 1024K, 106 young (108544K), 1 survivors (1024K)
 Metaspace       used 80946K, committed 81664K, reserved 286720K
  class space    used 11004K, committed 11328K, reserved 212992K
}
Event: 21.969 GC heap after
{Heap after GC invocations=16 (full 0):
 garbage-first heap   total 262144K, used 124373K [0x00000000e0000000, 0x0000000100000000)
  region size 1024K, 11 young (11264K), 11 survivors (11264K)
 Metaspace       used 80946K, committed 81664K, reserved 286720K
  class space    used 11004K, committed 11328K, reserved 212992K
}
Event: 24.228 GC heap before
{Heap before GC invocations=17 (full 0):
 garbage-first heap   total 262144K, used 206293K [0x00000000e0000000, 0x0000000100000000)
  region size 1024K, 91 young (93184K), 11 survivors (11264K)
 Metaspace       used 91699K, committed 92480K, reserved 294912K
  class space    used 12428K, committed 12800K, reserved 212992K
}
Event: 24.245 GC heap after
{Heap after GC invocations=18 (full 0):
 garbage-first heap   total 262144K, used 130208K [0x00000000e0000000, 0x0000000100000000)
  region size 1024K, 6 young (6144K), 6 survivors (6144K)
 Metaspace       used 91699K, committed 92480K, reserved 294912K
  class space    used 12428K, committed 12800K, reserved 212992K
}

