# JRE version: OpenJDK Runtime Environment (17.0.6) (build 17.0.6+0-b2043.56-10027231)
# Java VM: OpenJDK 64-Bit Server VM (17.0.6+0-b2043.56-10027231, mixed mode, tiered, compressed oops, compressed class ptrs, g1 gc, windows-amd64)
GC Precious Log:
 CPUs: 4 total, 4 available
 Memory: 7847M
 Large Page Support: Disabled
 NUMA Support: Disabled
 Compressed Oops: Enabled (32-bit)
 Heap Region Size: 1M
 Heap Min Capacity: 8M
 Heap Initial Capacity: 124M
 Heap Max Capacity: 2G
 Pre-touch: Disabled
 Parallel Workers: 4
 Concurrent Workers: 1
 Concurrent Refinement Workers: 4
 Periodic GC: Disabled
Heap:
 garbage-first heap   total 100352K, used 66413K [0x0000000080000000, 0x0000000100000000)
  region size 1024K, 16 young (16384K), 4 survivors (4096K)
 Metaspace       used 62776K, committed 63296K, reserved 1105920K
  class space    used 8291K, committed 8512K, reserved 1048576K
GC Heap History (20 events):
Event: 4.453 GC heap before
{Heap before GC invocations=6 (full 0):
 garbage-first heap   total 68608K, used 47203K [0x0000000080000000, 0x0000000100000000)
  region size 1024K, 29 young (29696K), 3 survivors (3072K)
 Metaspace       used 30592K, committed 30912K, reserved 1081344K
  class space    used 4163K, committed 4288K, reserved 1048576K
}
Event: 4.458 GC heap after
{Heap after GC invocations=7 (full 0):
 garbage-first heap   total 82944K, used 21818K [0x0000000080000000, 0x0000000100000000)
  region size 1024K, 4 young (4096K), 4 survivors (4096K)
 Metaspace       used 30592K, committed 30912K, reserved 1081344K
  class space    used 4163K, committed 4288K, reserved 1048576K
}
Event: 5.139 GC heap before
{Heap before GC invocations=7 (full 0):
 garbage-first heap   total 82944K, used 49466K [0x0000000080000000, 0x0000000100000000)
  region size 1024K, 32 young (32768K), 4 survivors (4096K)
 Metaspace       used 35626K, committed 35968K, reserved 1081344K
  class space    used 4879K, committed 5056K, reserved 1048576K
}
Event: 5.148 GC heap after
{Heap after GC invocations=8 (full 0):
 garbage-first heap   total 82944K, used 24148K [0x0000000080000000, 0x0000000100000000)
  region size 1024K, 4 young (4096K), 4 survivors (4096K)
 Metaspace       used 35626K, committed 35968K, reserved 1081344K
  class space    used 4879K, committed 5056K, reserved 1048576K
}
Event: 5.878 GC heap before
{Heap before GC invocations=9 (full 0):
 garbage-first heap   total 82944K, used 59988K [0x0000000080000000, 0x0000000100000000)
  region size 1024K, 40 young (40960K), 4 survivors (4096K)
 Metaspace       used 40841K, committed 41152K, reserved 1089536K
  class space    used 5419K, committed 5568K, reserved 1048576K
}
Event: 5.892 GC heap after
{Heap after GC invocations=10 (full 0):
 garbage-first heap   total 82944K, used 28533K [0x0000000080000000, 0x0000000100000000)
  region size 1024K, 5 young (5120K), 5 survivors (5120K)
 Metaspace       used 40841K, committed 41152K, reserved 1089536K
  class space    used 5419K, committed 5568K, reserved 1048576K
}
Event: 6.700 GC heap before
{Heap before GC invocations=10 (full 0):
 garbage-first heap   total 82944K, used 64373K [0x0000000080000000, 0x0000000100000000)
  region size 1024K, 37 young (37888K), 5 survivors (5120K)
 Metaspace       used 44446K, committed 44864K, reserved 1089536K
  class space    used 5867K, committed 6080K, reserved 1048576K
}
Event: 6.714 GC heap after
{Heap after GC invocations=11 (full 0):
 garbage-first heap   total 82944K, used 32302K [0x0000000080000000, 0x0000000100000000)
  region size 1024K, 4 young (4096K), 4 survivors (4096K)
 Metaspace       used 44446K, committed 44864K, reserved 1089536K
  class space    used 5867K, committed 6080K, reserved 1048576K
}
Event: 7.477 GC heap before
{Heap before GC invocations=11 (full 0):
 garbage-first heap   total 82944K, used 61998K [0x0000000080000000, 0x0000000100000000)
  region size 1024K, 33 young (33792K), 4 survivors (4096K)
 Metaspace       used 48861K, committed 49280K, reserved 1097728K
  class space    used 6459K, committed 6656K, reserved 1048576K
}
Event: 7.486 GC heap after
{Heap after GC invocations=12 (full 0):
 garbage-first heap   total 82944K, used 33487K [0x0000000080000000, 0x0000000100000000)
  region size 1024K, 2 young (2048K), 2 survivors (2048K)
 Metaspace       used 48861K, committed 49280K, reserved 1097728K
  class space    used 6459K, committed 6656K, reserved 1048576K
}
Event: 8.221 GC heap before
{Heap before GC invocations=12 (full 0):
 garbage-first heap   total 82944K, used 62159K [0x0000000080000000, 0x0000000100000000)
  region size 1024K, 31 young (31744K), 2 survivors (2048K)
 Metaspace       used 51368K, committed 51776K, reserved 1097728K
  class space    used 6787K, committed 6976K, reserved 1048576K
}
Event: 8.228 GC heap after
{Heap after GC invocations=13 (full 0):
 garbage-first heap   total 82944K, used 35516K [0x0000000080000000, 0x0000000100000000)
  region size 1024K, 4 young (4096K), 4 survivors (4096K)
 Metaspace       used 51368K, committed 51776K, reserved 1097728K
  class space    used 6787K, committed 6976K, reserved 1048576K
}
Event: 8.831 GC heap before
{Heap before GC invocations=13 (full 0):
 garbage-first heap   total 82944K, used 67260K [0x0000000080000000, 0x0000000100000000)
  region size 1024K, 32 young (32768K), 4 survivors (4096K)
 Metaspace       used 53125K, committed 53568K, reserved 1097728K
  class space    used 7010K, committed 7232K, reserved 1048576K
}
Event: 8.840 GC heap after
{Heap after GC invocations=14 (full 0):
 garbage-first heap   total 82944K, used 45440K [0x0000000080000000, 0x0000000100000000)
  region size 1024K, 4 young (4096K), 4 survivors (4096K)
 Metaspace       used 53125K, committed 53568K, reserved 1097728K
  class space    used 7010K, committed 7232K, reserved 1048576K
}
Event: 9.271 GC heap before
{Heap before GC invocations=14 (full 0):
 garbage-first heap   total 82944K, used 62848K [0x0000000080000000, 0x0000000100000000)
  region size 1024K, 22 young (22528K), 4 survivors (4096K)
 Metaspace       used 55631K, committed 56064K, reserved 1097728K
  class space    used 7372K, committed 7552K, reserved 1048576K
}
Event: 9.276 GC heap after
{Heap after GC invocations=15 (full 0):
 garbage-first heap   total 100352K, used 46420K [0x0000000080000000, 0x0000000100000000)
  region size 1024K, 1 young (1024K), 1 survivors (1024K)
 Metaspace       used 55631K, committed 56064K, reserved 1097728K
  class space    used 7372K, committed 7552K, reserved 1048576K
}
Event: 10.112 GC heap before
{Heap before GC invocations=16 (full 0):
 garbage-first heap   total 100352K, used 78164K [0x0000000080000000, 0x0000000100000000)
  region size 1024K, 32 young (32768K), 1 survivors (1024K)
 Metaspace       used 61072K, committed 61568K, reserved 1105920K
  class space    used 8091K, committed 8320K, reserved 1048576K
}
Event: 10.120 GC heap after
{Heap after GC invocations=17 (full 0):
 garbage-first heap   total 100352K, used 47621K [0x0000000080000000, 0x0000000100000000)
  region size 1024K, 3 young (3072K), 3 survivors (3072K)
 Metaspace       used 61072K, committed 61568K, reserved 1105920K
  class space    used 8091K, committed 8320K, reserved 1048576K
}
Event: 10.325 GC heap before
{Heap before GC invocations=17 (full 0):
 garbage-first heap   total 100352K, used 53765K [0x0000000080000000, 0x0000000100000000)
  region size 1024K, 10 young (10240K), 3 survivors (3072K)
 Metaspace       used 62761K, committed 63296K, reserved 1105920K
  class space    used 8289K, committed 8512K, reserved 1048576K
}
Event: 10.331 GC heap after
{Heap after GC invocations=18 (full 0):
 garbage-first heap   total 100352K, used 49005K [0x0000000080000000, 0x0000000100000000)
  region size 1024K, 4 young (4096K), 4 survivors (4096K)
 Metaspace       used 62761K, committed 63296K, reserved 1105920K
  class space    used 8289K, committed 8512K, reserved 1048576K
}

