# JRE version: OpenJDK Runtime Environment (17.0.6) (build 17.0.6+0-b2043.56-10027231)
# Java VM: OpenJDK 64-Bit Server VM (17.0.6+0-b2043.56-10027231, mixed mode, tiered, compressed oops, compressed class ptrs, g1 gc, windows-amd64)
GC Precious Log:
 CPUs: 4 total, 4 available
 Memory: 7847M
 Large Page Support: Disabled
 NUMA Support: Disabled
 Compressed Oops: Enabled (32-bit)
 Heap Region Size: 1M
 Heap Min Capacity: 8M
 Heap Initial Capacity: 124M
 Heap Max Capacity: 2G
 Pre-touch: Disabled
 Parallel Workers: 4
 Concurrent Workers: 1
 Concurrent Refinement Workers: 4
 Periodic GC: Disabled
Heap:
 garbage-first heap   total 91136K, used 58819K [0x0000000080000000, 0x0000000100000000)
  region size 1024K, 11 young (11264K), 1 survivors (1024K)
 Metaspace       used 63519K, committed 64000K, reserved 1105920K
  class space    used 8341K, committed 8576K, reserved 1048576K
GC Heap History (20 events):
Event: 5.711 GC heap before
{Heap before GC invocations=8 (full 0):
 garbage-first heap   total 68608K, used 24826K [0x0000000080000000, 0x0000000100000000)
  region size 1024K, 6 young (6144K), 4 survivors (4096K)
 Metaspace       used 35655K, committed 35968K, reserved 1081344K
  class space    used 4880K, committed 5056K, reserved 1048576K
}
Event: 5.717 GC heap after
{Heap after GC invocations=9 (full 0):
 garbage-first heap   total 82944K, used 24199K [0x0000000080000000, 0x0000000100000000)
  region size 1024K, 3 young (3072K), 3 survivors (3072K)
 Metaspace       used 35655K, committed 35968K, reserved 1081344K
  class space    used 4880K, committed 5056K, reserved 1048576K
}
Event: 6.371 GC heap before
{Heap before GC invocations=10 (full 0):
 garbage-first heap   total 82944K, used 56967K [0x0000000080000000, 0x0000000100000000)
  region size 1024K, 36 young (36864K), 3 survivors (3072K)
 Metaspace       used 40618K, committed 40896K, reserved 1089536K
  class space    used 5387K, committed 5504K, reserved 1048576K
}
Event: 6.379 GC heap after
{Heap after GC invocations=11 (full 0):
 garbage-first heap   total 82944K, used 27714K [0x0000000080000000, 0x0000000100000000)
  region size 1024K, 5 young (5120K), 5 survivors (5120K)
 Metaspace       used 40618K, committed 40896K, reserved 1089536K
  class space    used 5387K, committed 5504K, reserved 1048576K
}
Event: 7.115 GC heap before
{Heap before GC invocations=11 (full 0):
 garbage-first heap   total 82944K, used 62530K [0x0000000080000000, 0x0000000100000000)
  region size 1024K, 36 young (36864K), 5 survivors (5120K)
 Metaspace       used 43718K, committed 44032K, reserved 1089536K
  class space    used 5752K, committed 5888K, reserved 1048576K
}
Event: 7.126 GC heap after
{Heap after GC invocations=12 (full 0):
 garbage-first heap   total 82944K, used 31710K [0x0000000080000000, 0x0000000100000000)
  region size 1024K, 4 young (4096K), 4 survivors (4096K)
 Metaspace       used 43718K, committed 44032K, reserved 1089536K
  class space    used 5752K, committed 5888K, reserved 1048576K
}
Event: 7.960 GC heap before
{Heap before GC invocations=12 (full 0):
 garbage-first heap   total 82944K, used 60382K [0x0000000080000000, 0x0000000100000000)
  region size 1024K, 32 young (32768K), 4 survivors (4096K)
 Metaspace       used 48101K, committed 48512K, reserved 1097728K
  class space    used 6349K, committed 6528K, reserved 1048576K
}
Event: 7.969 GC heap after
{Heap after GC invocations=13 (full 0):
 garbage-first heap   total 82944K, used 33229K [0x0000000080000000, 0x0000000100000000)
  region size 1024K, 2 young (2048K), 2 survivors (2048K)
 Metaspace       used 48101K, committed 48512K, reserved 1097728K
  class space    used 6349K, committed 6528K, reserved 1048576K
}
Event: 10.146 GC heap before
{Heap before GC invocations=13 (full 0):
 garbage-first heap   total 82944K, used 61901K [0x0000000080000000, 0x0000000100000000)
  region size 1024K, 30 young (30720K), 2 survivors (2048K)
 Metaspace       used 51194K, committed 51648K, reserved 1097728K
  class space    used 6768K, committed 6976K, reserved 1048576K
}
Event: 10.153 GC heap after
{Heap after GC invocations=14 (full 0):
 garbage-first heap   total 82944K, used 35171K [0x0000000080000000, 0x0000000100000000)
  region size 1024K, 4 young (4096K), 4 survivors (4096K)
 Metaspace       used 51194K, committed 51648K, reserved 1097728K
  class space    used 6768K, committed 6976K, reserved 1048576K
}
Event: 11.263 GC heap before
{Heap before GC invocations=14 (full 0):
 garbage-first heap   total 82944K, used 62819K [0x0000000080000000, 0x0000000100000000)
  region size 1024K, 31 young (31744K), 4 survivors (4096K)
 Metaspace       used 57959K, committed 58368K, reserved 1105920K
  class space    used 7621K, committed 7808K, reserved 1048576K
}
Event: 11.273 GC heap after
{Heap after GC invocations=15 (full 0):
 garbage-first heap   total 82944K, used 38064K [0x0000000080000000, 0x0000000100000000)
  region size 1024K, 4 young (4096K), 4 survivors (4096K)
 Metaspace       used 57959K, committed 58368K, reserved 1105920K
  class space    used 7621K, committed 7808K, reserved 1048576K
}
Event: 12.255 GC heap before
{Heap before GC invocations=15 (full 0):
 garbage-first heap   total 82944K, used 52400K [0x0000000080000000, 0x0000000100000000)
  region size 1024K, 18 young (18432K), 4 survivors (4096K)
 Metaspace       used 58465K, committed 58944K, reserved 1105920K
  class space    used 7679K, committed 7872K, reserved 1048576K
}
Event: 12.263 GC heap after
{Heap after GC invocations=16 (full 0):
 garbage-first heap   total 82944K, used 43445K [0x0000000080000000, 0x0000000100000000)
  region size 1024K, 4 young (4096K), 4 survivors (4096K)
 Metaspace       used 58465K, committed 58944K, reserved 1105920K
  class space    used 7679K, committed 7872K, reserved 1048576K
}
Event: 14.039 GC heap before
{Heap before GC invocations=17 (full 0):
 garbage-first heap   total 82944K, used 46517K [0x0000000080000000, 0x0000000100000000)
  region size 1024K, 8 young (8192K), 4 survivors (4096K)
 Metaspace       used 58480K, committed 58944K, reserved 1105920K
  class space    used 7686K, committed 7872K, reserved 1048576K
}
Event: 14.043 GC heap after
{Heap after GC invocations=18 (full 0):
 garbage-first heap   total 82944K, used 48101K [0x0000000080000000, 0x0000000100000000)
  region size 1024K, 3 young (3072K), 3 survivors (3072K)
 Metaspace       used 58480K, committed 58944K, reserved 1105920K
  class space    used 7686K, committed 7872K, reserved 1048576K
}
Event: 17.004 GC heap before
{Heap before GC invocations=19 (full 0):
 garbage-first heap   total 86016K, used 61413K [0x0000000080000000, 0x0000000100000000)
  region size 1024K, 16 young (16384K), 3 survivors (3072K)
 Metaspace       used 60009K, committed 60416K, reserved 1105920K
  class space    used 7890K, committed 8064K, reserved 1048576K
}
Event: 17.009 GC heap after
{Heap after GC invocations=20 (full 0):
 garbage-first heap   total 86016K, used 49691K [0x0000000080000000, 0x0000000100000000)
  region size 1024K, 2 young (2048K), 2 survivors (2048K)
 Metaspace       used 60009K, committed 60416K, reserved 1105920K
  class space    used 7890K, committed 8064K, reserved 1048576K
}
Event: 17.674 GC heap before
{Heap before GC invocations=20 (full 0):
 garbage-first heap   total 86016K, used 64027K [0x0000000080000000, 0x0000000100000000)
  region size 1024K, 16 young (16384K), 2 survivors (2048K)
 Metaspace       used 61926K, committed 62464K, reserved 1105920K
  class space    used 8176K, committed 8448K, reserved 1048576K
}
Event: 17.680 GC heap after
{Heap after GC invocations=21 (full 0):
 garbage-first heap   total 86016K, used 50627K [0x0000000080000000, 0x0000000100000000)
  region size 1024K, 1 young (1024K), 1 survivors (1024K)
 Metaspace       used 61926K, committed 62464K, reserved 1105920K
  class space    used 8176K, committed 8448K, reserved 1048576K
}

