# JRE version: OpenJDK Runtime Environment (17.0.6) (build 17.0.6+0-b2043.56-10027231)
# Java VM: OpenJDK 64-Bit Server VM (17.0.6+0-b2043.56-10027231, mixed mode, tiered, compressed oops, compressed class ptrs, g1 gc, windows-amd64)
GC Precious Log:
 CPUs: 4 total, 4 available
 Memory: 7847M
 Large Page Support: Disabled
 NUMA Support: Disabled
 Compressed Oops: Enabled (32-bit)
 Heap Region Size: 1M
 Heap Min Capacity: 8M
 Heap Initial Capacity: 124M
 Heap Max Capacity: 2G
 Pre-touch: Disabled
 Parallel Workers: 4
 Concurrent Workers: 1
 Concurrent Refinement Workers: 4
 Periodic GC: Disabled
Heap:
 garbage-first heap   total 103424K, used 52773K [0x0000000080000000, 0x0000000100000000)
  region size 1024K, 9 young (9216K), 3 survivors (3072K)
 Metaspace       used 61582K, committed 62144K, reserved 1105920K
  class space    used 8157K, committed 8448K, reserved 1048576K
GC Heap History (20 events):
Event: 5.629 GC heap before
{Heap before GC invocations=8 (full 0):
 garbage-first heap   total 68608K, used 25811K [0x0000000080000000, 0x0000000100000000)
  region size 1024K, 7 young (7168K), 4 survivors (4096K)
 Metaspace       used 35757K, committed 36096K, reserved 1081344K
  class space    used 4894K, committed 5056K, reserved 1048576K
}
Event: 5.637 GC heap after
{Heap after GC invocations=9 (full 0):
 garbage-first heap   total 68608K, used 24134K [0x0000000080000000, 0x0000000100000000)
  region size 1024K, 3 young (3072K), 3 survivors (3072K)
 Metaspace       used 35757K, committed 36096K, reserved 1081344K
  class space    used 4894K, committed 5056K, reserved 1048576K
}
Event: 6.078 GC heap before
{Heap before GC invocations=10 (full 0):
 garbage-first heap   total 68608K, used 47686K [0x0000000080000000, 0x0000000100000000)
  region size 1024K, 26 young (26624K), 3 survivors (3072K)
 Metaspace       used 40419K, committed 40768K, reserved 1089536K
  class space    used 5358K, committed 5504K, reserved 1048576K
}
Event: 6.085 GC heap after
{Heap after GC invocations=11 (full 0):
 garbage-first heap   total 68608K, used 27528K [0x0000000080000000, 0x0000000100000000)
  region size 1024K, 4 young (4096K), 4 survivors (4096K)
 Metaspace       used 40419K, committed 40768K, reserved 1089536K
  class space    used 5358K, committed 5504K, reserved 1048576K
}
Event: 6.397 GC heap before
{Heap before GC invocations=11 (full 0):
 garbage-first heap   total 68608K, used 51080K [0x0000000080000000, 0x0000000100000000)
  region size 1024K, 25 young (25600K), 4 survivors (4096K)
 Metaspace       used 42512K, committed 42880K, reserved 1089536K
  class space    used 5558K, committed 5696K, reserved 1048576K
}
Event: 6.405 GC heap after
{Heap after GC invocations=12 (full 0):
 garbage-first heap   total 68608K, used 29176K [0x0000000080000000, 0x0000000100000000)
  region size 1024K, 3 young (3072K), 3 survivors (3072K)
 Metaspace       used 42512K, committed 42880K, reserved 1089536K
  class space    used 5558K, committed 5696K, reserved 1048576K
}
Event: 6.752 GC heap before
{Heap before GC invocations=12 (full 0):
 garbage-first heap   total 68608K, used 49656K [0x0000000080000000, 0x0000000100000000)
  region size 1024K, 23 young (23552K), 3 survivors (3072K)
 Metaspace       used 43802K, committed 44160K, reserved 1089536K
  class space    used 5763K, committed 5888K, reserved 1048576K
}
Event: 6.764 GC heap after
{Heap after GC invocations=13 (full 0):
 garbage-first heap   total 82944K, used 31200K [0x0000000080000000, 0x0000000100000000)
  region size 1024K, 3 young (3072K), 3 survivors (3072K)
 Metaspace       used 43802K, committed 44160K, reserved 1089536K
  class space    used 5763K, committed 5888K, reserved 1048576K
}
Event: 7.725 GC heap before
{Heap before GC invocations=13 (full 0):
 garbage-first heap   total 82944K, used 59872K [0x0000000080000000, 0x0000000100000000)
  region size 1024K, 31 young (31744K), 3 survivors (3072K)
 Metaspace       used 48244K, committed 48640K, reserved 1097728K
  class space    used 6374K, committed 6592K, reserved 1048576K
}
Event: 7.738 GC heap after
{Heap after GC invocations=14 (full 0):
 garbage-first heap   total 82944K, used 32943K [0x0000000080000000, 0x0000000100000000)
  region size 1024K, 2 young (2048K), 2 survivors (2048K)
 Metaspace       used 48244K, committed 48640K, reserved 1097728K
  class space    used 6374K, committed 6592K, reserved 1048576K
}
Event: 8.670 GC heap before
{Heap before GC invocations=14 (full 0):
 garbage-first heap   total 82944K, used 61615K [0x0000000080000000, 0x0000000100000000)
  region size 1024K, 30 young (30720K), 2 survivors (2048K)
 Metaspace       used 51283K, committed 51712K, reserved 1097728K
  class space    used 6778K, committed 6976K, reserved 1048576K
}
Event: 8.676 GC heap after
{Heap after GC invocations=15 (full 0):
 garbage-first heap   total 82944K, used 34822K [0x0000000080000000, 0x0000000100000000)
  region size 1024K, 4 young (4096K), 4 survivors (4096K)
 Metaspace       used 51283K, committed 51712K, reserved 1097728K
  class space    used 6778K, committed 6976K, reserved 1048576K
}
Event: 9.078 GC heap before
{Heap before GC invocations=15 (full 0):
 garbage-first heap   total 82944K, used 65542K [0x0000000080000000, 0x0000000100000000)
  region size 1024K, 31 young (31744K), 4 survivors (4096K)
 Metaspace       used 52085K, committed 52608K, reserved 1097728K
  class space    used 6880K, committed 7104K, reserved 1048576K
}
Event: 9.086 GC heap after
{Heap after GC invocations=16 (full 0):
 garbage-first heap   total 82944K, used 45092K [0x0000000080000000, 0x0000000100000000)
  region size 1024K, 4 young (4096K), 4 survivors (4096K)
 Metaspace       used 52085K, committed 52608K, reserved 1097728K
  class space    used 6880K, committed 7104K, reserved 1048576K
}
Event: 9.348 GC heap before
{Heap before GC invocations=16 (full 0):
 garbage-first heap   total 82944K, used 62500K [0x0000000080000000, 0x0000000100000000)
  region size 1024K, 21 young (21504K), 4 survivors (4096K)
 Metaspace       used 54464K, committed 54912K, reserved 1097728K
  class space    used 7217K, committed 7424K, reserved 1048576K
}
Event: 9.352 GC heap after
{Heap after GC invocations=17 (full 0):
 garbage-first heap   total 82944K, used 46246K [0x0000000080000000, 0x0000000100000000)
  region size 1024K, 1 young (1024K), 1 survivors (1024K)
 Metaspace       used 54464K, committed 54912K, reserved 1097728K
  class space    used 7217K, committed 7424K, reserved 1048576K
}
Event: 9.660 GC heap before
{Heap before GC invocations=18 (full 0):
 garbage-first heap   total 86016K, used 63654K [0x0000000080000000, 0x0000000100000000)
  region size 1024K, 18 young (18432K), 1 survivors (1024K)
 Metaspace       used 57150K, committed 57600K, reserved 1105920K
  class space    used 7548K, committed 7744K, reserved 1048576K
}
Event: 9.663 GC heap after
{Heap after GC invocations=19 (full 0):
 garbage-first heap   total 86016K, used 46525K [0x0000000080000000, 0x0000000100000000)
  region size 1024K, 2 young (2048K), 2 survivors (2048K)
 Metaspace       used 57150K, committed 57600K, reserved 1105920K
  class space    used 7548K, committed 7744K, reserved 1048576K
}
Event: 10.093 GC heap before
{Heap before GC invocations=19 (full 0):
 garbage-first heap   total 86016K, used 67005K [0x0000000080000000, 0x0000000100000000)
  region size 1024K, 22 young (22528K), 2 survivors (2048K)
 Metaspace       used 60846K, committed 61312K, reserved 1105920K
  class space    used 8060K, committed 8256K, reserved 1048576K
}
Event: 10.099 GC heap after
{Heap after GC invocations=20 (full 0):
 garbage-first heap   total 103424K, used 47653K [0x0000000080000000, 0x0000000100000000)
  region size 1024K, 3 young (3072K), 3 survivors (3072K)
 Metaspace       used 60846K, committed 61312K, reserved 1105920K
  class space    used 8060K, committed 8256K, reserved 1048576K
}

