# JRE version: OpenJDK Runtime Environment (17.0.6) (build 17.0.6+0-b2043.56-10027231)
# Java VM: OpenJDK 64-Bit Server VM (17.0.6+0-b2043.56-10027231, mixed mode, tiered, compressed oops, compressed class ptrs, g1 gc, windows-amd64)
GC Precious Log:
 CPUs: 4 total, 4 available
 Memory: 7847M
 Large Page Support: Disabled
 NUMA Support: Disabled
 Compressed Oops: Enabled (32-bit)
 Heap Region Size: 1M
 Heap Min Capacity: 8M
 Heap Initial Capacity: 124M
 Heap Max Capacity: 2G
 Pre-touch: Disabled
 Parallel Workers: 4
 Concurrent Workers: 1
 Concurrent Refinement Workers: 4
 Periodic GC: Disabled
Heap:
 garbage-first heap   total 245760K, used 184536K [0x0000000080000000, 0x0000000100000000)
  region size 1024K, 54 young (55296K), 6 survivors (6144K)
 Metaspace       used 95619K, committed 96448K, reserved 1138688K
  class space    used 12789K, committed 13184K, reserved 1048576K
GC Heap History (20 events):
Event: 16.756 GC heap before
{Heap before GC invocations=34 (full 0):
 garbage-first heap   total 148480K, used 119393K [0x0000000080000000, 0x0000000100000000)
  region size 1024K, 30 young (30720K), 1 survivors (1024K)
 Metaspace       used 68974K, committed 69632K, reserved 1114112K
  class space    used 9131K, committed 9408K, reserved 1048576K
}
Event: 16.762 GC heap after
{Heap after GC invocations=35 (full 0):
 garbage-first heap   total 148480K, used 90945K [0x0000000080000000, 0x0000000100000000)
  region size 1024K, 2 young (2048K), 2 survivors (2048K)
 Metaspace       used 68974K, committed 69632K, reserved 1114112K
  class space    used 9131K, committed 9408K, reserved 1048576K
}
Event: 17.610 GC heap before
{Heap before GC invocations=36 (full 0):
 garbage-first heap   total 153600K, used 121665K [0x0000000080000000, 0x0000000100000000)
  region size 1024K, 32 young (32768K), 2 survivors (2048K)
 Metaspace       used 69570K, committed 70208K, reserved 1114112K
  class space    used 9230K, committed 9536K, reserved 1048576K
}
Event: 17.618 GC heap after
{Heap after GC invocations=37 (full 0):
 garbage-first heap   total 153600K, used 93515K [0x0000000080000000, 0x0000000100000000)
  region size 1024K, 4 young (4096K), 4 survivors (4096K)
 Metaspace       used 69570K, committed 70208K, reserved 1114112K
  class space    used 9230K, committed 9536K, reserved 1048576K
}
Event: 17.653 GC heap before
{Heap before GC invocations=37 (full 0):
 garbage-first heap   total 153600K, used 96587K [0x0000000080000000, 0x0000000100000000)
  region size 1024K, 7 young (7168K), 4 survivors (4096K)
 Metaspace       used 69570K, committed 70208K, reserved 1114112K
  class space    used 9230K, committed 9536K, reserved 1048576K
}
Event: 17.661 GC heap after
{Heap after GC invocations=38 (full 0):
 garbage-first heap   total 205824K, used 93578K [0x0000000080000000, 0x0000000100000000)
  region size 1024K, 1 young (1024K), 1 survivors (1024K)
 Metaspace       used 69570K, committed 70208K, reserved 1114112K
  class space    used 9230K, committed 9536K, reserved 1048576K
}
Event: 18.196 GC heap before
{Heap before GC invocations=38 (full 0):
 garbage-first heap   total 205824K, used 113034K [0x0000000080000000, 0x0000000100000000)
  region size 1024K, 21 young (21504K), 1 survivors (1024K)
 Metaspace       used 71398K, committed 72000K, reserved 1114112K
  class space    used 9481K, committed 9728K, reserved 1048576K
}
Event: 18.202 GC heap after
{Heap after GC invocations=39 (full 0):
 garbage-first heap   total 205824K, used 94872K [0x0000000080000000, 0x0000000100000000)
  region size 1024K, 2 young (2048K), 2 survivors (2048K)
 Metaspace       used 71398K, committed 72000K, reserved 1114112K
  class space    used 9481K, committed 9728K, reserved 1048576K
}
Event: 20.340 GC heap before
{Heap before GC invocations=40 (full 0):
 garbage-first heap   total 205824K, used 179864K [0x0000000080000000, 0x0000000100000000)
  region size 1024K, 63 young (64512K), 2 survivors (2048K)
 Metaspace       used 78597K, committed 79360K, reserved 1122304K
  class space    used 10680K, committed 11008K, reserved 1048576K
}
Event: 20.353 GC heap after
{Heap after GC invocations=41 (full 0):
 garbage-first heap   total 205824K, used 124520K [0x0000000080000000, 0x0000000100000000)
  region size 1024K, 8 young (8192K), 8 survivors (8192K)
 Metaspace       used 78597K, committed 79360K, reserved 1122304K
  class space    used 10680K, committed 11008K, reserved 1048576K
}
Event: 20.374 GC heap before
{Heap before GC invocations=41 (full 0):
 garbage-first heap   total 205824K, used 126568K [0x0000000080000000, 0x0000000100000000)
  region size 1024K, 10 young (10240K), 8 survivors (8192K)
 Metaspace       used 78601K, committed 79360K, reserved 1122304K
  class space    used 10681K, committed 11008K, reserved 1048576K
}
Event: 20.386 GC heap after
{Heap after GC invocations=42 (full 0):
 garbage-first heap   total 205824K, used 124451K [0x0000000080000000, 0x0000000100000000)
  region size 1024K, 1 young (1024K), 1 survivors (1024K)
 Metaspace       used 78601K, committed 79360K, reserved 1122304K
  class space    used 10681K, committed 11008K, reserved 1048576K
}
Event: 21.704 GC heap before
{Heap before GC invocations=42 (full 0):
 garbage-first heap   total 205824K, used 164387K [0x0000000080000000, 0x0000000100000000)
  region size 1024K, 41 young (41984K), 1 survivors (1024K)
 Metaspace       used 81555K, committed 82304K, reserved 1122304K
  class space    used 11107K, committed 11456K, reserved 1048576K
}
Event: 21.711 GC heap after
{Heap after GC invocations=43 (full 0):
 garbage-first heap   total 205824K, used 127230K [0x0000000080000000, 0x0000000100000000)
  region size 1024K, 4 young (4096K), 4 survivors (4096K)
 Metaspace       used 81555K, committed 82304K, reserved 1122304K
  class space    used 11107K, committed 11456K, reserved 1048576K
}
Event: 22.997 GC heap before
{Heap before GC invocations=44 (full 0):
 garbage-first heap   total 225280K, used 167166K [0x0000000080000000, 0x0000000100000000)
  region size 1024K, 43 young (44032K), 4 survivors (4096K)
 Metaspace       used 88563K, committed 89280K, reserved 1130496K
  class space    used 11980K, committed 12288K, reserved 1048576K
}
Event: 23.007 GC heap after
{Heap after GC invocations=45 (full 0):
 garbage-first heap   total 225280K, used 129489K [0x0000000080000000, 0x0000000100000000)
  region size 1024K, 3 young (3072K), 3 survivors (3072K)
 Metaspace       used 88563K, committed 89280K, reserved 1130496K
  class space    used 11980K, committed 12288K, reserved 1048576K
}
Event: 23.209 GC heap before
{Heap before GC invocations=45 (full 0):
 garbage-first heap   total 225280K, used 137681K [0x0000000080000000, 0x0000000100000000)
  region size 1024K, 11 young (11264K), 3 survivors (3072K)
 Metaspace       used 89403K, committed 90112K, reserved 1130496K
  class space    used 12101K, committed 12416K, reserved 1048576K
}
Event: 23.217 GC heap after
{Heap after GC invocations=46 (full 0):
 garbage-first heap   total 225280K, used 129669K [0x0000000080000000, 0x0000000100000000)
  region size 1024K, 1 young (1024K), 1 survivors (1024K)
 Metaspace       used 89403K, committed 90112K, reserved 1130496K
  class space    used 12101K, committed 12416K, reserved 1048576K
}
Event: 24.440 GC heap before
{Heap before GC invocations=46 (full 0):
 garbage-first heap   total 225280K, used 185989K [0x0000000080000000, 0x0000000100000000)
  region size 1024K, 56 young (57344K), 1 survivors (1024K)
 Metaspace       used 93986K, committed 94784K, reserved 1138688K
  class space    used 12631K, committed 12992K, reserved 1048576K
}
Event: 24.451 GC heap after
{Heap after GC invocations=47 (full 0):
 garbage-first heap   total 225280K, used 135384K [0x0000000080000000, 0x0000000100000000)
  region size 1024K, 7 young (7168K), 7 survivors (7168K)
 Metaspace       used 93986K, committed 94784K, reserved 1138688K
  class space    used 12631K, committed 12992K, reserved 1048576K
}

